{"/home/zaeem/Documents/repos/pokemon-app/src/App.tsx": {"path":"/home/zaeem/Documents/repos/pokemon-app/src/App.tsx","statementMap":{"0":{"start":{"line":10,"column":19},"end":{"line":10,"column":32}},"1":{"start":{"line":11,"column":26},"end":{"line":11,"column":82}},"2":{"start":{"line":11,"column":52},"end":{"line":11,"column":81}},"3":{"start":{"line":13,"column":2},"end":{"line":20,"column":4}},"4":{"start":{"line":15,"column":57},"end":{"line":15,"column":91}}},"fnMap":{"0":{"name":"App","decl":{"start":{"line":9,"column":9},"end":{"line":9,"column":12}},"loc":{"start":{"line":9,"column":15},"end":{"line":21,"column":1}},"line":9},"1":{"name":"(anonymous_1)","decl":{"start":{"line":11,"column":41},"end":{"line":11,"column":42}},"loc":{"start":{"line":11,"column":52},"end":{"line":11,"column":81}},"line":11},"2":{"name":"(anonymous_2)","decl":{"start":{"line":15,"column":50},"end":{"line":15,"column":51}},"loc":{"start":{"line":15,"column":56},"end":{"line":15,"column":92}},"line":15}},"branchMap":{"0":{"loc":{"start":{"line":16,"column":49},"end":{"line":16,"column":96}},"type":"cond-expr","locations":[{"start":{"line":16,"column":67},"end":{"line":16,"column":82}},{"start":{"line":16,"column":85},"end":{"line":16,"column":96}}],"line":16},"1":{"loc":{"start":{"line":18,"column":7},"end":{"line":18,"column":61}},"type":"cond-expr","locations":[{"start":{"line":18,"column":25},"end":{"line":18,"column":43}},{"start":{"line":18,"column":46},"end":{"line":18,"column":61}}],"line":18}},"s":{"0":0,"1":0,"2":0,"3":0,"4":0},"f":{"0":0,"1":0,"2":0},"b":{"0":[0,0],"1":[0,0]}}
,"/home/zaeem/Documents/repos/pokemon-app/src/index.tsx": {"path":"/home/zaeem/Documents/repos/pokemon-app/src/index.tsx","statementMap":{"0":{"start":{"line":8,"column":13},"end":{"line":10,"column":1}},"1":{"start":{"line":11,"column":0},"end":{"line":18,"column":2}}},"fnMap":{},"branchMap":{},"s":{"0":0,"1":0},"f":{},"b":{}}
,"/home/zaeem/Documents/repos/pokemon-app/src/store.ts": {"path":"/home/zaeem/Documents/repos/pokemon-app/src/store.ts","statementMap":{"0":{"start":{"line":5,"column":21},"end":{"line":12,"column":2}},"1":{"start":{"line":11,"column":4},"end":{"line":11,"column":56}}},"fnMap":{"0":{"name":"(anonymous_0)","decl":{"start":{"line":10,"column":14},"end":{"line":10,"column":15}},"loc":{"start":{"line":11,"column":4},"end":{"line":11,"column":56}},"line":11}},"branchMap":{},"s":{"0":2,"1":2},"f":{"0":2},"b":{},"_coverageSchema":"1a1c01bbd47fc00a2c39e90264f33305004495a9","hash":"4d9cfd7aeb2ed122a0ba685e908242f44853f05c"}
,"/home/zaeem/Documents/repos/pokemon-app/src/components/PokemonDetails.tsx": {"path":"/home/zaeem/Documents/repos/pokemon-app/src/components/PokemonDetails.tsx","statementMap":{"0":{"start":{"line":8,"column":33},"end":{"line":43,"column":1}},"1":{"start":{"line":9,"column":28},"end":{"line":9,"column":84}},"2":{"start":{"line":9,"column":54},"end":{"line":9,"column":83}},"3":{"start":{"line":10,"column":39},"end":{"line":12,"column":6}},"4":{"start":{"line":14,"column":4},"end":{"line":14,"column":48}},"5":{"start":{"line":14,"column":19},"end":{"line":14,"column":48}},"6":{"start":{"line":15,"column":4},"end":{"line":15,"column":48}},"7":{"start":{"line":15,"column":15},"end":{"line":15,"column":48}},"8":{"start":{"line":17,"column":4},"end":{"line":42,"column":6}},"9":{"start":{"line":38,"column":60},"end":{"line":38,"column":104}}},"fnMap":{"0":{"name":"(anonymous_0)","decl":{"start":{"line":8,"column":33},"end":{"line":8,"column":34}},"loc":{"start":{"line":8,"column":39},"end":{"line":43,"column":1}},"line":8},"1":{"name":"(anonymous_1)","decl":{"start":{"line":9,"column":43},"end":{"line":9,"column":44}},"loc":{"start":{"line":9,"column":54},"end":{"line":9,"column":83}},"line":9},"2":{"name":"(anonymous_2)","decl":{"start":{"line":38,"column":36},"end":{"line":38,"column":37}},"loc":{"start":{"line":38,"column":60},"end":{"line":38,"column":104}},"line":38}},"branchMap":{"0":{"loc":{"start":{"line":10,"column":65},"end":{"line":10,"column":86}},"type":"binary-expr","locations":[{"start":{"line":10,"column":65},"end":{"line":10,"column":80}},{"start":{"line":10,"column":84},"end":{"line":10,"column":86}}],"line":10},"1":{"loc":{"start":{"line":14,"column":4},"end":{"line":14,"column":48}},"type":"if","locations":[{"start":{"line":14,"column":4},"end":{"line":14,"column":48}},{"start":{},"end":{}}],"line":14},"2":{"loc":{"start":{"line":15,"column":4},"end":{"line":15,"column":48}},"type":"if","locations":[{"start":{"line":15,"column":4},"end":{"line":15,"column":48}},{"start":{},"end":{}}],"line":15}},"s":{"0":1,"1":3,"2":5,"3":3,"4":3,"5":2,"6":1,"7":0,"8":1,"9":1},"f":{"0":3,"1":5,"2":1},"b":{"0":[3,0],"1":[2,1],"2":[0,1]},"_coverageSchema":"1a1c01bbd47fc00a2c39e90264f33305004495a9","hash":"10b51c06c6ee34ed9418191c3bfdb1fc22ecaf68"}
,"/home/zaeem/Documents/repos/pokemon-app/src/components/PokemonList.tsx": {"path":"/home/zaeem/Documents/repos/pokemon-app/src/components/PokemonList.tsx","statementMap":{"0":{"start":{"line":11,"column":30},"end":{"line":47,"column":1}},"1":{"start":{"line":12,"column":37},"end":{"line":12,"column":61}},"2":{"start":{"line":13,"column":19},"end":{"line":13,"column":35}},"3":{"start":{"line":14,"column":40},"end":{"line":14,"column":63}},"4":{"start":{"line":16,"column":2},"end":{"line":32,"column":13}},"5":{"start":{"line":17,"column":4},"end":{"line":31,"column":5}},"6":{"start":{"line":18,"column":34},"end":{"line":29,"column":7}},"7":{"start":{"line":19,"column":25},"end":{"line":26,"column":10}},"8":{"start":{"line":20,"column":27},"end":{"line":20,"column":51}},"9":{"start":{"line":21,"column":26},"end":{"line":21,"column":47}},"10":{"start":{"line":22,"column":10},"end":{"line":25,"column":12}},"11":{"start":{"line":27,"column":24},"end":{"line":27,"column":51}},"12":{"start":{"line":28,"column":8},"end":{"line":28,"column":32}},"13":{"start":{"line":30,"column":6},"end":{"line":30,"column":28}},"14":{"start":{"line":34,"column":2},"end":{"line":34,"column":46}},"15":{"start":{"line":34,"column":17},"end":{"line":34,"column":46}},"16":{"start":{"line":35,"column":2},"end":{"line":35,"column":46}},"17":{"start":{"line":35,"column":13},"end":{"line":35,"column":46}},"18":{"start":{"line":37,"column":2},"end":{"line":46,"column":4}},"19":{"start":{"line":40,"column":8},"end":{"line":43,"column":13}},"20":{"start":{"line":40,"column":46},"end":{"line":40,"column":88}}},"fnMap":{"0":{"name":"(anonymous_0)","decl":{"start":{"line":11,"column":30},"end":{"line":11,"column":31}},"loc":{"start":{"line":11,"column":36},"end":{"line":47,"column":1}},"line":11},"1":{"name":"(anonymous_1)","decl":{"start":{"line":16,"column":12},"end":{"line":16,"column":13}},"loc":{"start":{"line":16,"column":18},"end":{"line":32,"column":3}},"line":16},"2":{"name":"(anonymous_2)","decl":{"start":{"line":18,"column":34},"end":{"line":18,"column":35}},"loc":{"start":{"line":18,"column":46},"end":{"line":29,"column":7}},"line":18},"3":{"name":"(anonymous_3)","decl":{"start":{"line":19,"column":42},"end":{"line":19,"column":43}},"loc":{"start":{"line":19,"column":61},"end":{"line":26,"column":9}},"line":19},"4":{"name":"(anonymous_4)","decl":{"start":{"line":39,"column":23},"end":{"line":39,"column":24}},"loc":{"start":{"line":40,"column":8},"end":{"line":43,"column":13}},"line":40},"5":{"name":"(anonymous_5)","decl":{"start":{"line":40,"column":40},"end":{"line":40,"column":41}},"loc":{"start":{"line":40,"column":46},"end":{"line":40,"column":88}},"line":40}},"branchMap":{"0":{"loc":{"start":{"line":17,"column":4},"end":{"line":31,"column":5}},"type":"if","locations":[{"start":{"line":17,"column":4},"end":{"line":31,"column":5}},{"start":{},"end":{}}],"line":17},"1":{"loc":{"start":{"line":34,"column":2},"end":{"line":34,"column":46}},"type":"if","locations":[{"start":{"line":34,"column":2},"end":{"line":34,"column":46}},{"start":{},"end":{}}],"line":34},"2":{"loc":{"start":{"line":35,"column":2},"end":{"line":35,"column":46}},"type":"if","locations":[{"start":{"line":35,"column":2},"end":{"line":35,"column":46}},{"start":{},"end":{}}],"line":35}},"s":{"0":1,"1":4,"2":4,"3":4,"4":4,"5":2,"6":1,"7":1,"8":3,"9":3,"10":3,"11":1,"12":1,"13":1,"14":4,"15":2,"16":2,"17":0,"18":2,"19":3,"20":0},"f":{"0":4,"1":2,"2":1,"3":3,"4":3,"5":0},"b":{"0":[1,1],"1":[2,2],"2":[0,2]},"_coverageSchema":"1a1c01bbd47fc00a2c39e90264f33305004495a9","hash":"ec8c2e9166e68fcf716a9fe8f72a587063bc1f66"}
,"/home/zaeem/Documents/repos/pokemon-app/src/features/pokemonSlice.ts": {"path":"/home/zaeem/Documents/repos/pokemon-app/src/features/pokemonSlice.ts","statementMap":{"0":{"start":{"line":7,"column":35},"end":{"line":9,"column":1}},"1":{"start":{"line":11,"column":21},"end":{"line":19,"column":2}},"2":{"start":{"line":16,"column":6},"end":{"line":16,"column":45}},"3":{"start":{"line":21,"column":38},"end":{"line":21,"column":58}}},"fnMap":{"0":{"name":"(anonymous_0)","decl":{"start":{"line":15,"column":4},"end":{"line":15,"column":5}},"loc":{"start":{"line":15,"column":68},"end":{"line":17,"column":5}},"line":15}},"branchMap":{},"s":{"0":2,"1":2,"2":1,"3":2},"f":{"0":1},"b":{},"_coverageSchema":"1a1c01bbd47fc00a2c39e90264f33305004495a9","hash":"ad04ab476b30b9890efed1fba4bcaa6f6064139e"}
,"/home/zaeem/Documents/repos/pokemon-app/src/hooks/index.ts": {"path":"/home/zaeem/Documents/repos/pokemon-app/src/hooks/index.ts","statementMap":{"0":{"start":{"line":4,"column":30},"end":{"line":4,"column":62}},"1":{"start":{"line":4,"column":36},"end":{"line":4,"column":62}},"2":{"start":{"line":5,"column":63},"end":{"line":5,"column":74}}},"fnMap":{"0":{"name":"(anonymous_0)","decl":{"start":{"line":4,"column":30},"end":{"line":4,"column":31}},"loc":{"start":{"line":4,"column":36},"end":{"line":4,"column":62}},"line":4}},"branchMap":{},"s":{"0":2,"1":4,"2":2},"f":{"0":4},"b":{},"_coverageSchema":"1a1c01bbd47fc00a2c39e90264f33305004495a9","hash":"35fa5b138bf7770cb60002bec8237c8838111e3b"}
,"/home/zaeem/Documents/repos/pokemon-app/src/mocks/server.ts": {"path":"/home/zaeem/Documents/repos/pokemon-app/src/mocks/server.ts","statementMap":{"0":{"start":{"line":5,"column":22},"end":{"line":30,"column":1}},"1":{"start":{"line":7,"column":8},"end":{"line":15,"column":10}},"2":{"start":{"line":18,"column":8},"end":{"line":28,"column":10}},"3":{"start":{"line":32,"column":0},"end":{"line":32,"column":33}},"4":{"start":{"line":32,"column":16},"end":{"line":32,"column":31}},"5":{"start":{"line":33,"column":0},"end":{"line":33,"column":40}},"6":{"start":{"line":33,"column":16},"end":{"line":33,"column":38}},"7":{"start":{"line":34,"column":0},"end":{"line":34,"column":31}},"8":{"start":{"line":34,"column":15},"end":{"line":34,"column":29}}},"fnMap":{"0":{"name":"(anonymous_0)","decl":{"start":{"line":6,"column":51},"end":{"line":6,"column":52}},"loc":{"start":{"line":6,"column":70},"end":{"line":16,"column":5}},"line":6},"1":{"name":"(anonymous_1)","decl":{"start":{"line":17,"column":54},"end":{"line":17,"column":55}},"loc":{"start":{"line":17,"column":73},"end":{"line":29,"column":5}},"line":17},"2":{"name":"(anonymous_2)","decl":{"start":{"line":32,"column":10},"end":{"line":32,"column":11}},"loc":{"start":{"line":32,"column":16},"end":{"line":32,"column":31}},"line":32},"3":{"name":"(anonymous_3)","decl":{"start":{"line":33,"column":10},"end":{"line":33,"column":11}},"loc":{"start":{"line":33,"column":16},"end":{"line":33,"column":38}},"line":33},"4":{"name":"(anonymous_4)","decl":{"start":{"line":34,"column":9},"end":{"line":34,"column":10}},"loc":{"start":{"line":34,"column":15},"end":{"line":34,"column":29}},"line":34}},"branchMap":{},"s":{"0":2,"1":0,"2":3,"3":2,"4":2,"5":2,"6":2,"7":2,"8":2},"f":{"0":0,"1":3,"2":2,"3":2,"4":2},"b":{},"_coverageSchema":"1a1c01bbd47fc00a2c39e90264f33305004495a9","hash":"bb466b724c9c6bfe02eb51d9be9a16af477c3e36"}
,"/home/zaeem/Documents/repos/pokemon-app/src/services/pokemon.ts": {"path":"/home/zaeem/Documents/repos/pokemon-app/src/services/pokemon.ts","statementMap":{"0":{"start":{"line":3,"column":21},"end":{"line":3,"column":87}},"1":{"start":{"line":5,"column":26},"end":{"line":16,"column":2}},"2":{"start":{"line":8,"column":27},"end":{"line":15,"column":3}},"3":{"start":{"line":10,"column":19},"end":{"line":10,"column":29}},"4":{"start":{"line":13,"column":21},"end":{"line":13,"column":37}},"5":{"start":{"line":18,"column":69},"end":{"line":18,"column":79}}},"fnMap":{"0":{"name":"(anonymous_0)","decl":{"start":{"line":8,"column":13},"end":{"line":8,"column":14}},"loc":{"start":{"line":8,"column":27},"end":{"line":15,"column":3}},"line":8},"1":{"name":"(anonymous_1)","decl":{"start":{"line":10,"column":13},"end":{"line":10,"column":14}},"loc":{"start":{"line":10,"column":19},"end":{"line":10,"column":29}},"line":10},"2":{"name":"(anonymous_2)","decl":{"start":{"line":13,"column":13},"end":{"line":13,"column":14}},"loc":{"start":{"line":13,"column":21},"end":{"line":13,"column":37}},"line":13}},"branchMap":{"0":{"loc":{"start":{"line":3,"column":21},"end":{"line":3,"column":87}},"type":"binary-expr","locations":[{"start":{"line":3,"column":21},"end":{"line":3,"column":55}},{"start":{"line":3,"column":59},"end":{"line":3,"column":87}}],"line":3}},"s":{"0":2,"1":2,"2":2,"3":1,"4":1,"5":2},"f":{"0":2,"1":1,"2":1},"b":{"0":[2,2]},"_coverageSchema":"1a1c01bbd47fc00a2c39e90264f33305004495a9","hash":"03cdb40c4693a02b3e78e0f74285848c98e19da4"}
,"/home/zaeem/Documents/repos/pokemon-app/src/types/index.ts": {"path":"/home/zaeem/Documents/repos/pokemon-app/src/types/index.ts","statementMap":{},"fnMap":{},"branchMap":{},"s":{},"f":{},"b":{}}
}
